0 info it worked if it ends with ok
1 verbose cli [ '/usr/local/bin/node', '/usr/local/bin/npm', 'run', 'static' ]
2 info using npm@3.10.10
3 info using node@v6.10.3
4 verbose run-script [ 'prestatic', 'static', 'poststatic' ]
5 info lifecycle remote-ui@0.0.1~prestatic: remote-ui@0.0.1
6 silly lifecycle remote-ui@0.0.1~prestatic: no script for prestatic, continuing
7 info lifecycle remote-ui@0.0.1~static: remote-ui@0.0.1
8 verbose lifecycle remote-ui@0.0.1~static: unsafe-perm in lifecycle true
9 verbose lifecycle remote-ui@0.0.1~static: PATH: /usr/local/lib/node_modules/npm/bin/node-gyp-bin:/Users/cobject/workspace/remote-ui/node_modules/.bin:/opt/local/bin:/opt/local/sbin:/usr/local/bin:/usr/bin:/bin:/usr/sbin:/sbin:/usr/local/share/dotnet:/Library/Frameworks/Mono.framework/Versions/Current/Commands
10 verbose lifecycle remote-ui@0.0.1~static: CWD: /Users/cobject/workspace/remote-ui
11 silly lifecycle remote-ui@0.0.1~static: Args: [ '-c',
11 silly lifecycle   'jshint --reporter node_modules/jshint-html-reporter/reporter.js main.js > report.html' ]
12 silly lifecycle remote-ui@0.0.1~static: Returned: code: 2  signal: null
13 info lifecycle remote-ui@0.0.1~static: Failed to exec static script
14 verbose stack Error: remote-ui@0.0.1 static: `jshint --reporter node_modules/jshint-html-reporter/reporter.js main.js > report.html`
14 verbose stack Exit status 2
14 verbose stack     at EventEmitter.<anonymous> (/usr/local/lib/node_modules/npm/lib/utils/lifecycle.js:255:16)
14 verbose stack     at emitTwo (events.js:106:13)
14 verbose stack     at EventEmitter.emit (events.js:191:7)
14 verbose stack     at ChildProcess.<anonymous> (/usr/local/lib/node_modules/npm/lib/utils/spawn.js:40:14)
14 verbose stack     at emitTwo (events.js:106:13)
14 verbose stack     at ChildProcess.emit (events.js:191:7)
14 verbose stack     at maybeClose (internal/child_process.js:886:16)
14 verbose stack     at Process.ChildProcess._handle.onexit (internal/child_process.js:226:5)
15 verbose pkgid remote-ui@0.0.1
16 verbose cwd /Users/cobject/workspace/remote-ui
17 error Darwin 16.6.0
18 error argv "/usr/local/bin/node" "/usr/local/bin/npm" "run" "static"
19 error node v6.10.3
20 error npm  v3.10.10
21 error code ELIFECYCLE
22 error remote-ui@0.0.1 static: `jshint --reporter node_modules/jshint-html-reporter/reporter.js main.js > report.html`
22 error Exit status 2
23 error Failed at the remote-ui@0.0.1 static script 'jshint --reporter node_modules/jshint-html-reporter/reporter.js main.js > report.html'.
23 error Make sure you have the latest version of node.js and npm installed.
23 error If you do, this is most likely a problem with the remote-ui package,
23 error not with npm itself.
23 error Tell the author that this fails on your system:
23 error     jshint --reporter node_modules/jshint-html-reporter/reporter.js main.js > report.html
23 error You can get information on how to open an issue for this project with:
23 error     npm bugs remote-ui
23 error Or if that isn't available, you can get their info via:
23 error     npm owner ls remote-ui
23 error There is likely additional logging output above.
24 verbose exit [ 1, true ]
